<?xml version="1.0" encoding="utf-8"?><testsuites name="pytest tests"><testsuite name="pytest" errors="0" failures="0" skipped="0" tests="20" time="5.111" timestamp="2026-05-19T04:42:48.087963+00:00" hostname="agent-env-f8122154-3b76-496f-a470-4a84ccdc6eba"><testcase classname="backend.tests.test_invites_and_analytics.TestInvitesCreate" name="test_create_invite_returns_dev_url" time="0.676" /><testcase classname="backend.tests.test_invites_and_analytics.TestInvitesCreate" name="test_create_invite_forbidden_for_groom" time="0.451" /><testcase classname="backend.tests.test_invites_and_analytics.TestInvitesCreate" name="test_create_invite_409_on_duplicate" time="0.407" /><testcase classname="backend.tests.test_invites_and_analytics.TestInvitesCreate" name="test_create_invite_409_existing_user" time="0.161" /><testcase classname="backend.tests.test_invites_and_analytics.TestInvitesList" name="test_list_invites_no_token_hash" time="0.109" /><testcase classname="backend.tests.test_invites_and_analytics.TestInvitesResendRevokeVerifyAccept" name="test_resend_returns_new_dev_url" time="0.284" /><testcase classname="backend.tests.test_invites_and_analytics.TestInvitesResendRevokeVerifyAccept" name="test_verify_invalid_token_404" time="0.100" /><testcase classname="backend.tests.test_invites_and_analytics.TestInvitesResendRevokeVerifyAccept" name="test_verify_valid_token" time="0.109" /><testcase classname="backend.tests.test_invites_and_analytics.TestInvitesResendRevokeVerifyAccept" name="test_accept_creates_user_with_auto_launch" time="0.538" /><testcase classname="backend.tests.test_invites_and_analytics.TestInvitesResendRevokeVerifyAccept" name="test_revoke_marks_revoked" time="0.323" /><testcase classname="backend.tests.test_invites_and_analytics.TestAcceptNonSetupRole" name="test_accept_groom_role_no_auto_launch" time="0.433" /><testcase classname="backend.tests.test_invites_and_analytics.TestOnboardingReset" name="test_reset_reopens" time="0.318" /><testcase classname="backend.tests.test_invites_and_analytics.TestProgressDeepMerge" name="test_deep_merge_preserves_sibling_keys" time="0.230" /><testcase classname="backend.tests.test_invites_and_analytics.TestEvents" name="test_record_event" time="0.112" /><testcase classname="backend.tests.test_invites_and_analytics.TestEvents" name="test_funnel_admin" time="0.260" /><testcase classname="backend.tests.test_invites_and_analytics.TestEvents" name="test_funnel_forbidden_for_groom" time="0.102" /><testcase classname="backend.tests.test_invites_and_analytics.TestTenantReset" name="test_requires_confirm" time="0.107" /><testcase classname="backend.tests.test_invites_and_analytics.TestTenantReset" name="test_groom_forbidden" time="0.106" /><testcase classname="backend.tests.test_invites_and_analytics.TestTenantReset" name="test_unknown_scope" time="0.101" /><testcase classname="backend.tests.test_invites_and_analytics.TestTenantReset" name="test_onboarding_scope" time="0.117" /></testsuite></testsuites>