<?xml version="1.0" encoding="utf-8"?><testsuites name="pytest tests"><testsuite name="pytest" errors="0" failures="0" skipped="0" tests="13" time="4.770" timestamp="2026-05-20T16:06:42.118439+00:00" hostname="agent-env-f8122154-3b76-496f-a470-4a84ccdc6eba"><testcase classname="tests.test_operations_routes" name="test_lessons_requires_auth" time="0.222" /><testcase classname="tests.test_operations_routes" name="test_lessons_list_and_create" time="1.684" /><testcase classname="tests.test_operations_routes" name="test_training_list_create_and_filter" time="0.334" /><testcase classname="tests.test_operations_routes" name="test_invoices_create_list_and_pay" time="0.341" /><testcase classname="tests.test_operations_routes" name="test_messages_create_stamps_sender" time="0.101" /><testcase classname="tests.test_operations_routes" name="test_sr_approve_happy_path" time="0.214" /><testcase classname="tests.test_operations_routes" name="test_sr_approve_409_when_already_decided" time="0.326" /><testcase classname="tests.test_operations_routes" name="test_sr_approve_403_for_groom" time="0.232" /><testcase classname="tests.test_operations_routes" name="test_sr_decline_with_reason_and_409_guard" time="0.537" /><testcase classname="tests.test_operations_routes" name="test_sr_decline_403_for_groom" time="0.210" /><testcase classname="tests.test_operations_routes" name="test_sr_decline_404_unknown" time="0.121" /><testcase classname="tests.test_operations_routes" name="test_sr_list" time="0.116" /><testcase classname="tests.test_operations_routes" name="test_incidents_create_and_list" time="0.214" /></testsuite></testsuites>