<?xml version="1.0" encoding="utf-8"?><testsuites name="pytest tests"><testsuite name="pytest" errors="0" failures="0" skipped="0" tests="27" time="11.517" timestamp="2026-05-20T11:20:48.523849+00:00" hostname="agent-env-f8122154-3b76-496f-a470-4a84ccdc6eba"><testcase classname="tests.test_weekly_recap" name="test_weekly_compose_returns_none_when_empty" time="0.000" /><testcase classname="tests.test_weekly_recap" name="test_weekly_compose_completed_all_meds" time="0.000" /><testcase classname="tests.test_weekly_recap" name="test_weekly_compose_skipped_meds_framed_softly" time="0.000" /><testcase classname="tests.test_weekly_recap" name="test_weekly_compose_farrier_with_name" time="0.000" /><testcase classname="tests.test_weekly_recap" name="test_weekly_compose_caps_at_three_lines" time="0.000" /><testcase classname="tests.test_weekly_recap" name="test_iso_week_key_format" time="0.000" /><testcase classname="tests.test_weekly_recap" name="test_render_weekly_html_contains_calm_eyebrow_and_section" time="0.000" /><testcase classname="tests.test_weekly_recap" name="test_render_weekly_text_is_scannable" time="0.000" /><testcase classname="tests.test_weekly_recap" name="test_weekly_preview_endpoint_returns_payload_or_empty" time="0.555" /><testcase classname="tests.test_weekly_recap" name="test_weekly_send_me_owner_ok" time="0.101" /><testcase classname="tests.test_weekly_recap" name="test_weekly_send_me_non_owner_forbidden" time="0.419" /><testcase classname="tests.test_weekly_recap" name="test_weekly_admin_run_now" time="0.444" /><testcase classname="tests.test_onboarding" name="test_get_steps" time="0.433" /><testcase classname="tests.test_onboarding" name="test_progress_get_creates" time="0.113" /><testcase classname="tests.test_onboarding" name="test_progress_patch_updates_and_percent" time="0.110" /><testcase classname="tests.test_onboarding" name="test_progress_complete" time="0.201" /><testcase classname="tests.test_onboarding" name="test_barn_round_trip" time="0.204" /><testcase classname="tests.test_onboarding" name="test_locations_crud" time="0.424" /><testcase classname="tests.test_onboarding" name="test_feed_templates_crud" time="0.313" /><testcase classname="tests.test_onboarding" name="test_inventory_low_stock" time="0.627" /><testcase classname="tests.test_onboarding" name="test_recurring_schedules_crud" time="0.312" /><testcase classname="tests.test_onboarding" name="test_staff_invites_valid_role" time="0.305" /><testcase classname="tests.test_onboarding" name="test_staff_invites_invalid_role" time="0.105" /><testcase classname="tests.test_onboarding" name="test_csv_template_horses" time="0.101" /><testcase classname="tests.test_onboarding" name="test_csv_template_owners" time="0.103" /><testcase classname="tests.test_onboarding" name="test_csv_preview_and_commit_horses" time="3.276" /><testcase classname="tests.test_onboarding" name="test_csv_preview_and_commit_owners" time="3.305" /></testsuite></testsuites>