<?xml version="1.0" encoding="utf-8"?><testsuites name="pytest tests"><testsuite name="pytest" errors="0" failures="0" skipped="1" tests="131" time="79.478" timestamp="2026-05-20T11:21:05.080763+00:00" hostname="agent-env-f8122154-3b76-496f-a470-4a84ccdc6eba"><testcase classname="tests.test_equinesync" name="test_auth_me" time="0.452" /><testcase classname="tests.test_equinesync" name="test_auth_invalid" time="0.319" /><testcase classname="tests.test_equinesync" name="test_dashboard_summary" time="0.102" /><testcase classname="tests.test_equinesync" name="test_dashboard_barn_board" time="0.105" /><testcase classname="tests.test_equinesync" name="test_horses_list_and_detail" time="0.201" /><testcase classname="tests.test_equinesync" name="test_seeded_lists[medications]" time="0.095" /><testcase classname="tests.test_equinesync" name="test_seeded_lists[vet-records]" time="0.101" /><testcase classname="tests.test_equinesync" name="test_seeded_lists[injuries]" time="0.098" /><testcase classname="tests.test_equinesync" name="test_seeded_lists[wellness]" time="0.098" /><testcase classname="tests.test_equinesync" name="test_seeded_lists[lessons]" time="0.100" /><testcase classname="tests.test_equinesync" name="test_seeded_lists[training]" time="0.098" /><testcase classname="tests.test_equinesync" name="test_seeded_lists[invoices]" time="0.097" /><testcase classname="tests.test_equinesync" name="test_seeded_lists[messages]" time="0.107" /><testcase classname="tests.test_equinesync" name="test_seeded_lists[owners]" time="0.096" /><testcase classname="tests.test_equinesync" name="test_seeded_lists[riders]" time="0.091" /><testcase classname="tests.test_equinesync" name="test_feed_complete" time="7.278"><skipped type="pytest.skip" message="Legacy feed_tasks fully completed; covered by engine tests">/app/backend/tests/test_equinesync.py:92: Legacy feed_tasks fully completed; covered by engine tests</skipped></testcase><testcase classname="tests.test_equinesync" name="test_invoice_pay" time="0.534" /><testcase classname="tests.test_equinesync" name="test_service_request_flow" time="0.329" /><testcase classname="tests.test_equinesync" name="test_message_create" time="0.104" /><testcase classname="tests.test_equinesync" name="test_ai_generate_owner_update" time="6.196" /><testcase classname="tests.test_invites_and_analytics.TestInvitesCreate" name="test_create_invite_returns_dev_url" time="0.816" /><testcase classname="tests.test_invites_and_analytics.TestInvitesCreate" name="test_create_invite_forbidden_for_groom" time="0.447" /><testcase classname="tests.test_invites_and_analytics.TestInvitesCreate" name="test_create_invite_409_on_duplicate" time="0.470" /><testcase classname="tests.test_invites_and_analytics.TestInvitesCreate" name="test_create_invite_409_existing_user" time="0.096" /><testcase classname="tests.test_invites_and_analytics.TestInvitesList" name="test_list_invites_no_token_hash" time="0.103" /><testcase classname="tests.test_invites_and_analytics.TestInvitesResendRevokeVerifyAccept" name="test_resend_returns_new_dev_url" time="0.594" /><testcase classname="tests.test_invites_and_analytics.TestInvitesResendRevokeVerifyAccept" name="test_verify_invalid_token_404" time="0.116" /><testcase classname="tests.test_invites_and_analytics.TestInvitesResendRevokeVerifyAccept" name="test_verify_valid_token" time="0.093" /><testcase classname="tests.test_invites_and_analytics.TestInvitesResendRevokeVerifyAccept" name="test_accept_creates_user_with_auto_launch" time="0.540" /><testcase classname="tests.test_invites_and_analytics.TestInvitesResendRevokeVerifyAccept" name="test_revoke_marks_revoked" time="1.752" /><testcase classname="tests.test_invites_and_analytics.TestAcceptNonSetupRole" name="test_accept_groom_role_no_auto_launch" time="0.626" /><testcase classname="tests.test_invites_and_analytics.TestOnboardingReset" name="test_reset_reopens" time="0.304" /><testcase classname="tests.test_invites_and_analytics.TestProgressDeepMerge" name="test_deep_merge_preserves_sibling_keys" time="0.190" /><testcase classname="tests.test_invites_and_analytics.TestEvents" name="test_record_event" time="0.110" /><testcase classname="tests.test_invites_and_analytics.TestEvents" name="test_funnel_admin" time="0.208" /><testcase classname="tests.test_invites_and_analytics.TestEvents" name="test_funnel_forbidden_for_groom" time="0.105" /><testcase classname="tests.test_invites_and_analytics.TestTenantReset" name="test_requires_confirm" time="0.106" /><testcase classname="tests.test_invites_and_analytics.TestTenantReset" name="test_groom_forbidden" time="0.104" /><testcase classname="tests.test_invites_and_analytics.TestTenantReset" name="test_unknown_scope" time="0.101" /><testcase classname="tests.test_invites_and_analytics.TestTenantReset" name="test_onboarding_scope" time="0.099" /><testcase classname="tests.test_onboarding" name="test_get_steps" time="0.437" /><testcase classname="tests.test_onboarding" name="test_progress_get_creates" time="0.101" /><testcase classname="tests.test_onboarding" name="test_progress_patch_updates_and_percent" time="0.114" /><testcase classname="tests.test_onboarding" name="test_progress_complete" time="0.208" /><testcase classname="tests.test_onboarding" name="test_barn_round_trip" time="0.196" /><testcase classname="tests.test_onboarding" name="test_locations_crud" time="0.386" /><testcase classname="tests.test_onboarding" name="test_feed_templates_crud" time="0.298" /><testcase classname="tests.test_onboarding" name="test_inventory_low_stock" time="0.700" /><testcase classname="tests.test_onboarding" name="test_recurring_schedules_crud" time="0.311" /><testcase classname="tests.test_onboarding" name="test_staff_invites_valid_role" time="0.323" /><testcase classname="tests.test_onboarding" name="test_staff_invites_invalid_role" time="0.134" /><testcase classname="tests.test_onboarding" name="test_csv_template_horses" time="0.099" /><testcase classname="tests.test_onboarding" name="test_csv_template_owners" time="0.103" /><testcase classname="tests.test_onboarding" name="test_csv_preview_and_commit_horses" time="3.637" /><testcase classname="tests.test_onboarding" name="test_csv_preview_and_commit_owners" time="3.497" /><testcase classname="tests.test_owner_trust" name="test_vet_phrase_with_name" time="0.000" /><testcase classname="tests.test_owner_trust" name="test_medication_phrase_completed_all" time="0.000" /><testcase classname="tests.test_owner_trust" name="test_medication_phrase_refused_softens" time="0.000" /><testcase classname="tests.test_owner_trust" name="test_upcoming_phrase_vet_uses_date" time="0.000" /><testcase classname="tests.test_owner_trust" name="test_compose_returns_none_when_no_meaningful_updates" time="0.000" /><testcase classname="tests.test_owner_trust" name="test_digest_preview_endpoint_returns_payload_or_empty" time="0.427" /><testcase classname="tests.test_owner_trust" name="test_digest_admin_run_now" time="0.428" /><testcase classname="tests.test_owner_trust" name="test_service_request_decline" time="0.327" /><testcase classname="tests.test_owner_trust" name="test_prefs_include_digest_toggle" time="0.321" /><testcase classname="tests.test_owner_trust_edges" name="test_digest_send_me_owner_ok" time="1.404" /><testcase classname="tests.test_owner_trust_edges" name="test_digest_send_me_non_owner_forbidden" time="0.317" /><testcase classname="tests.test_owner_trust_edges" name="test_groom_cannot_decline" time="0.302" /><testcase classname="tests.test_owner_trust_edges" name="test_trainer_can_decline_with_optional_reason_empty" time="0.303" /><testcase classname="tests.test_owner_trust_edges" name="test_owner_cannot_decline" time="0.355" /><testcase classname="tests.test_owner_trust_edges" name="test_decline_idempotency_or_state_guard" time="0.428" /><testcase classname="tests.test_phase2.TestAuthShape" name="test_login_returns_full_shape" time="0.342" /><testcase classname="tests.test_phase2.TestAuthShape" name="test_login_invalid" time="0.322" /><testcase classname="tests.test_phase2.TestAuthShape" name="test_me_endpoint" time="0.440" /><testcase classname="tests.test_phase2.TestRefreshRotation" name="test_rotate_and_revoke_old" time="0.635" /><testcase classname="tests.test_phase2.TestRefreshRotation" name="test_logout_revokes_refresh" time="0.529" /><testcase classname="tests.test_phase2.TestSecurityHeaders" name="test_headers_present" time="0.098" /><testcase classname="tests.test_phase2.TestCuratedTimeline" name="test_owner_view_filters_categories" time="0.200" /><testcase classname="tests.test_phase2.TestCuratedTimeline" name="test_owner_role_always_curated" time="0.543" /><testcase classname="tests.test_phase2.TestTasksEndpoints" name="test_tasks_today" time="0.146" /><testcase classname="tests.test_phase2.TestTasksEndpoints" name="test_tasks_by_category_feed" time="0.126" /><testcase classname="tests.test_phase2.TestTasksEndpoints" name="test_tasks_by_category_medication" time="0.095" /><testcase classname="tests.test_phase2.TestTasksEndpoints" name="test_active_medication_templates" time="0.099" /><testcase classname="tests.test_phase2.TestCompletionFlow" name="test_complete_appears_on_timeline" time="0.459" /><testcase classname="tests.test_phase2.TestNotifications" name="test_list_notifications" time="0.097" /><testcase classname="tests.test_phase2.TestNotifications" name="test_get_prefs_default" time="0.113" /><testcase classname="tests.test_phase2.TestNotifications" name="test_put_prefs" time="0.195" /><testcase classname="tests.test_phase2.TestNotifications" name="test_drain_admin_only" time="0.217" /><testcase classname="tests.test_phase2.TestNotifications" name="test_read_all" time="0.211" /><testcase classname="tests.test_phase2.TestNotificationFanout" name="test_groom_completes_admin_receives" time="2.118" /><testcase classname="tests.test_phase2.TestNotificationFanout" name="test_owner_only_curated_notifications" time="2.046" /><testcase classname="tests.test_reports_and_nudges.TestSetupHealth" name="test_setup_health_shape" time="0.439" /><testcase classname="tests.test_reports_and_nudges.TestSetupHealth" name="test_setup_health_groom_forbidden" time="0.417" /><testcase classname="tests.test_reports_and_nudges.TestSetupHealth" name="test_setup_health_no_auth" time="0.098" /><testcase classname="tests.test_reports_and_nudges.TestNudgeCandidates" name="test_candidates_default_shape" time="0.120" /><testcase classname="tests.test_reports_and_nudges.TestNudgeCandidates" name="test_candidates_min_days_zero_returns_all_stalled" time="0.104" /><testcase classname="tests.test_reports_and_nudges.TestNudgeCandidates" name="test_candidates_groom_forbidden" time="0.098" /><testcase classname="tests.test_reports_and_nudges.TestSendNudges" name="test_send_nudges_no_candidates" time="0.096" /><testcase classname="tests.test_reports_and_nudges.TestSendNudges" name="test_send_nudges_groom_forbidden" time="0.100" /><testcase classname="tests.test_reports_and_nudges.TestSendNudges" name="test_send_nudges_with_seeded_candidate_and_cooldown" time="0.969" /><testcase classname="tests.test_reports_and_nudges.TestSendNudges" name="test_send_nudges_records_analytics" time="0.597" /><testcase classname="tests.test_reports_and_nudges.TestInviteSandboxStatus" name="test_invite_to_owner_returns_sent" time="0.275" /><testcase classname="tests.test_reports_and_nudges.TestInviteSandboxStatus" name="test_invite_to_non_owner_returns_sandbox_with_dev_link" time="0.295" /><testcase classname="tests.test_task_engine" name="test_templates_listed" time="0.435" /><testcase classname="tests.test_task_engine" name="test_today_returns_groups" time="0.133" /><testcase classname="tests.test_task_engine" name="test_complete_idempotent" time="0.427" /><testcase classname="tests.test_task_engine" name="test_concurrent_completion_appends_note" time="0.440" /><testcase classname="tests.test_task_engine" name="test_bulk_complete" time="0.738" /><testcase classname="tests.test_task_engine" name="test_skip_and_refuse" time="0.624" /><testcase classname="tests.test_task_engine" name="test_void_completion" time="0.404" /><testcase classname="tests.test_task_engine" name="test_horse_timeline" time="0.219" /><testcase classname="tests.test_task_engine" name="test_owner_timeline_visibility" time="0.709" /><testcase classname="tests.test_task_engine" name="test_template_crud_lifecycle" time="0.331" /><testcase classname="tests.test_task_engine" name="test_analytics_summary" time="0.107" /><testcase classname="tests.test_task_engine" name="test_invalid_rrule_rejected" time="0.104" /><testcase classname="tests.test_task_engine" name="test_skip_idempotent" time="0.428" /><testcase classname="tests.test_task_engine" name="test_vet_completion_writes_vet_record" time="0.487" /><testcase classname="tests.test_task_engine" name="test_vet_completion_auto_schedules_follow_up" time="0.467" /><testcase classname="tests.test_task_engine" name="test_farrier_completion_writes_history_row" time="0.462" /><testcase classname="tests.test_task_engine" name="test_event_payload_carries_engine_enrichments" time="0.424" /><testcase classname="tests.test_weekly_recap" name="test_weekly_compose_returns_none_when_empty" time="0.000" /><testcase classname="tests.test_weekly_recap" name="test_weekly_compose_completed_all_meds" time="0.000" /><testcase classname="tests.test_weekly_recap" name="test_weekly_compose_skipped_meds_framed_softly" time="0.000" /><testcase classname="tests.test_weekly_recap" name="test_weekly_compose_farrier_with_name" time="0.000" /><testcase classname="tests.test_weekly_recap" name="test_weekly_compose_caps_at_three_lines" time="0.000" /><testcase classname="tests.test_weekly_recap" name="test_iso_week_key_format" time="0.000" /><testcase classname="tests.test_weekly_recap" name="test_render_weekly_html_contains_calm_eyebrow_and_section" time="0.000" /><testcase classname="tests.test_weekly_recap" name="test_render_weekly_text_is_scannable" time="0.000" /><testcase classname="tests.test_weekly_recap" name="test_weekly_preview_endpoint_returns_payload_or_empty" time="0.449" /><testcase classname="tests.test_weekly_recap" name="test_weekly_send_me_owner_ok" time="0.102" /><testcase classname="tests.test_weekly_recap" name="test_weekly_send_me_non_owner_forbidden" time="0.441" /><testcase classname="tests.test_weekly_recap" name="test_weekly_admin_run_now" time="19.981" /></testsuite></testsuites>