<?xml version="1.0" encoding="utf-8"?><testsuites name="pytest tests"><testsuite name="pytest" errors="0" failures="0" skipped="0" tests="85" time="62.554" timestamp="2026-05-20T13:20:46.948772+00:00" hostname="agent-env-f8122154-3b76-496f-a470-4a84ccdc6eba"><testcase classname="tests.test_wellness_pulse" name="test_empty_events_stays_quiet" time="0.000" /><testcase classname="tests.test_wellness_pulse" name="test_low_sample_stays_quiet" time="0.000" /><testcase classname="tests.test_wellness_pulse" name="test_med_consistency_when_zero_skips" time="0.000" /><testcase classname="tests.test_wellness_pulse" name="test_med_skip_silences_the_pulse" time="0.000" /><testcase classname="tests.test_wellness_pulse" name="test_rehab_followthrough" time="0.000" /><testcase classname="tests.test_wellness_pulse" name="test_rehab_skip_silences" time="0.000" /><testcase classname="tests.test_wellness_pulse" name="test_turnout_steadiness_combined" time="0.000" /><testcase classname="tests.test_wellness_pulse" name="test_turnout_skip_silences" time="0.000" /><testcase classname="tests.test_wellness_pulse" name="test_priority_is_med_over_rehab_over_turnout" time="0.000" /><testcase classname="tests.test_wellness_pulse" name="test_no_medical_or_predictive_language" time="0.000" /><testcase classname="tests.test_wellness_pulse" name="test_irrelevant_categories_ignored" time="0.000" /><testcase classname="tests.test_owner_trust" name="test_vet_phrase_with_name" time="0.000" /><testcase classname="tests.test_owner_trust" name="test_medication_phrase_completed_all" time="0.000" /><testcase classname="tests.test_owner_trust" name="test_medication_phrase_refused_softens" time="0.000" /><testcase classname="tests.test_owner_trust" name="test_upcoming_phrase_vet_uses_date" time="0.000" /><testcase classname="tests.test_owner_trust" name="test_compose_returns_none_when_no_meaningful_updates" time="0.000" /><testcase classname="tests.test_owner_trust" name="test_digest_preview_endpoint_returns_payload_or_empty" time="0.527" /><testcase classname="tests.test_owner_trust" name="test_digest_admin_run_now" time="0.463" /><testcase classname="tests.test_owner_trust" name="test_service_request_decline" time="0.404" /><testcase classname="tests.test_owner_trust" name="test_prefs_include_digest_toggle" time="0.355" /><testcase classname="tests.test_owner_trust_edges" name="test_digest_send_me_owner_ok" time="1.461" /><testcase classname="tests.test_owner_trust_edges" name="test_digest_send_me_non_owner_forbidden" time="0.346" /><testcase classname="tests.test_owner_trust_edges" name="test_groom_cannot_decline" time="0.336" /><testcase classname="tests.test_owner_trust_edges" name="test_trainer_can_decline_with_optional_reason_empty" time="0.320" /><testcase classname="tests.test_owner_trust_edges" name="test_owner_cannot_decline" time="0.368" /><testcase classname="tests.test_owner_trust_edges" name="test_decline_idempotency_or_state_guard" time="0.482" /><testcase classname="tests.test_weekly_recap" name="test_weekly_compose_returns_none_when_empty" time="0.000" /><testcase classname="tests.test_weekly_recap" name="test_weekly_compose_completed_all_meds" time="0.000" /><testcase classname="tests.test_weekly_recap" name="test_weekly_compose_skipped_meds_framed_softly" time="0.000" /><testcase classname="tests.test_weekly_recap" name="test_weekly_compose_farrier_with_name" time="0.000" /><testcase classname="tests.test_weekly_recap" name="test_weekly_compose_caps_at_three_lines" time="0.000" /><testcase classname="tests.test_weekly_recap" name="test_iso_week_key_format" time="0.000" /><testcase classname="tests.test_weekly_recap" name="test_render_weekly_html_contains_calm_eyebrow_and_section" time="0.000" /><testcase classname="tests.test_weekly_recap" name="test_render_weekly_text_is_scannable" time="0.000" /><testcase classname="tests.test_weekly_recap" name="test_weekly_preview_endpoint_returns_payload_or_empty" time="0.471" /><testcase classname="tests.test_weekly_recap" name="test_weekly_send_me_owner_ok" time="0.121" /><testcase classname="tests.test_weekly_recap" name="test_weekly_send_me_non_owner_forbidden" time="0.457" /><testcase classname="tests.test_weekly_recap" name="test_weekly_admin_run_now" time="0.482" /><testcase classname="tests.test_onboarding" name="test_get_steps" time="0.458" /><testcase classname="tests.test_onboarding" name="test_progress_get_creates" time="0.101" /><testcase classname="tests.test_onboarding" name="test_progress_patch_updates_and_percent" time="0.109" /><testcase classname="tests.test_onboarding" name="test_progress_complete" time="0.232" /><testcase classname="tests.test_onboarding" name="test_barn_round_trip" time="0.226" /><testcase classname="tests.test_onboarding" name="test_locations_crud" time="0.473" /><testcase classname="tests.test_onboarding" name="test_feed_templates_crud" time="0.363" /><testcase classname="tests.test_onboarding" name="test_inventory_low_stock" time="0.658" /><testcase classname="tests.test_onboarding" name="test_recurring_schedules_crud" time="0.346" /><testcase classname="tests.test_onboarding" name="test_staff_invites_valid_role" time="1.355" /><testcase classname="tests.test_onboarding" name="test_staff_invites_invalid_role" time="0.120" /><testcase classname="tests.test_onboarding" name="test_csv_template_horses" time="0.106" /><testcase classname="tests.test_onboarding" name="test_csv_template_owners" time="0.110" /><testcase classname="tests.test_onboarding" name="test_csv_preview_and_commit_horses" time="6.493" /><testcase classname="tests.test_onboarding" name="test_csv_preview_and_commit_owners" time="34.692" /><testcase classname="tests.test_invites_and_analytics.TestInvitesCreate" name="test_create_invite_returns_dev_url" time="0.826" /><testcase classname="tests.test_invites_and_analytics.TestInvitesCreate" name="test_create_invite_forbidden_for_groom" time="0.479" /><testcase classname="tests.test_invites_and_analytics.TestInvitesCreate" name="test_create_invite_409_on_duplicate" time="0.492" /><testcase classname="tests.test_invites_and_analytics.TestInvitesCreate" name="test_create_invite_409_existing_user" time="0.124" /><testcase classname="tests.test_invites_and_analytics.TestInvitesList" name="test_list_invites_no_token_hash" time="0.148" /><testcase classname="tests.test_invites_and_analytics.TestInvitesResendRevokeVerifyAccept" name="test_resend_returns_new_dev_url" time="0.582" /><testcase classname="tests.test_invites_and_analytics.TestInvitesResendRevokeVerifyAccept" name="test_verify_invalid_token_404" time="0.111" /><testcase classname="tests.test_invites_and_analytics.TestInvitesResendRevokeVerifyAccept" name="test_verify_valid_token" time="0.131" /><testcase classname="tests.test_invites_and_analytics.TestInvitesResendRevokeVerifyAccept" name="test_accept_creates_user_with_auto_launch" time="0.590" /><testcase classname="tests.test_invites_and_analytics.TestInvitesResendRevokeVerifyAccept" name="test_revoke_marks_revoked" time="0.575" /><testcase classname="tests.test_invites_and_analytics.TestAcceptNonSetupRole" name="test_accept_groom_role_no_auto_launch" time="0.600" /><testcase classname="tests.test_invites_and_analytics.TestOnboardingReset" name="test_reset_reopens" time="0.335" /><testcase classname="tests.test_invites_and_analytics.TestProgressDeepMerge" name="test_deep_merge_preserves_sibling_keys" time="0.220" /><testcase classname="tests.test_invites_and_analytics.TestEvents" name="test_record_event" time="0.102" /><testcase classname="tests.test_invites_and_analytics.TestEvents" name="test_funnel_admin" time="0.209" /><testcase classname="tests.test_invites_and_analytics.TestEvents" name="test_funnel_forbidden_for_groom" time="0.101" /><testcase classname="tests.test_invites_and_analytics.TestTenantReset" name="test_requires_confirm" time="0.123" /><testcase classname="tests.test_invites_and_analytics.TestTenantReset" name="test_groom_forbidden" time="0.130" /><testcase classname="tests.test_invites_and_analytics.TestTenantReset" name="test_unknown_scope" time="0.119" /><testcase classname="tests.test_invites_and_analytics.TestTenantReset" name="test_onboarding_scope" time="0.128" /><testcase classname="tests.test_reports_and_nudges.TestSetupHealth" name="test_setup_health_shape" time="0.491" /><testcase classname="tests.test_reports_and_nudges.TestSetupHealth" name="test_setup_health_groom_forbidden" time="0.449" /><testcase classname="tests.test_reports_and_nudges.TestSetupHealth" name="test_setup_health_no_auth" time="0.116" /><testcase classname="tests.test_reports_and_nudges.TestNudgeCandidates" name="test_candidates_default_shape" time="0.129" /><testcase classname="tests.test_reports_and_nudges.TestNudgeCandidates" name="test_candidates_min_days_zero_returns_all_stalled" time="0.114" /><testcase classname="tests.test_reports_and_nudges.TestNudgeCandidates" name="test_candidates_groom_forbidden" time="0.115" /><testcase classname="tests.test_reports_and_nudges.TestSendNudges" name="test_send_nudges_no_candidates" time="0.119" /><testcase classname="tests.test_reports_and_nudges.TestSendNudges" name="test_send_nudges_groom_forbidden" time="0.102" /><testcase classname="tests.test_reports_and_nudges.TestSendNudges" name="test_send_nudges_with_seeded_candidate_and_cooldown" time="0.933" /><testcase classname="tests.test_reports_and_nudges.TestSendNudges" name="test_send_nudges_records_analytics" time="0.613" /><testcase classname="tests.test_reports_and_nudges.TestInviteSandboxStatus" name="test_invite_to_owner_returns_sent" time="0.315" /><testcase classname="tests.test_reports_and_nudges.TestInviteSandboxStatus" name="test_invite_to_non_owner_returns_sandbox_with_dev_link" time="0.316" /></testsuite></testsuites>