<?xml version="1.0" encoding="utf-8"?><testsuites name="pytest tests"><testsuite name="pytest" errors="0" failures="0" skipped="0" tests="11" time="4.124" timestamp="2026-05-20T15:51:03.103116+00:00" hostname="agent-env-f8122154-3b76-496f-a470-4a84ccdc6eba"><testcase classname="tests.test_care_routes" name="test_horses_requires_auth" time="0.209" /><testcase classname="tests.test_care_routes" name="test_list_horses" time="0.443" /><testcase classname="tests.test_care_routes" name="test_create_get_patch_horse" time="0.509" /><testcase classname="tests.test_care_routes" name="test_owners" time="0.224" /><testcase classname="tests.test_care_routes" name="test_riders" time="0.242" /><testcase classname="tests.test_care_routes" name="test_medications_and_logs" time="0.696" /><testcase classname="tests.test_care_routes" name="test_feed_tasks" time="0.259" /><testcase classname="tests.test_care_routes" name="test_vet_records" time="0.429" /><testcase classname="tests.test_care_routes" name="test_farrier_history" time="0.133" /><testcase classname="tests.test_care_routes" name="test_injuries" time="0.418" /><testcase classname="tests.test_care_routes" name="test_wellness_bumps_horse_score" time="0.479" /></testsuite></testsuites>