<?xml version="1.0" encoding="utf-8"?><testsuites name="pytest tests"><testsuite name="pytest" errors="0" failures="0" skipped="0" tests="8" time="21.929" timestamp="2026-05-20T22:54:06.442446+00:00" hostname="agent-env-f8122154-3b76-496f-a470-4a84ccdc6eba"><testcase classname="backend.tests.test_founder_crud_sprint" name="test_onboarding_steps_still_has_schedules_in_backend" time="0.482" /><testcase classname="backend.tests.test_founder_crud_sprint" name="test_inventory_create_and_list" time="0.225" /><testcase classname="backend.tests.test_founder_crud_sprint" name="test_owners_create_and_list" time="0.214" /><testcase classname="backend.tests.test_founder_crud_sprint" name="test_riders_create_and_list" time="20.269" /><testcase classname="backend.tests.test_founder_crud_sprint" name="test_horses_create_active_status" time="0.197" /><testcase classname="backend.tests.test_founder_crud_sprint" name="test_lessons_tolerates_missing_rider" time="0.117" /><testcase classname="backend.tests.test_founder_crud_sprint" name="test_training_tolerates_missing_horse" time="0.129" /><testcase classname="backend.tests.test_founder_crud_sprint" name="test_incidents_resolves_horse_name_and_open_status" time="0.219" /></testsuite></testsuites>