<?xml version="1.0" encoding="utf-8"?><testsuites name="pytest tests"><testsuite name="pytest" errors="0" failures="0" skipped="0" tests="28" time="22.020" timestamp="2026-05-20T22:52:51.587403+00:00" hostname="agent-env-f8122154-3b76-496f-a470-4a84ccdc6eba"><testcase classname="backend.tests.test_operations_routes" name="test_lessons_requires_auth" time="0.165" /><testcase classname="backend.tests.test_operations_routes" name="test_lessons_list_and_create" time="1.606" /><testcase classname="backend.tests.test_operations_routes" name="test_training_list_create_and_filter" time="0.394" /><testcase classname="backend.tests.test_operations_routes" name="test_invoices_create_list_and_pay" time="0.317" /><testcase classname="backend.tests.test_operations_routes" name="test_messages_create_stamps_sender" time="0.102" /><testcase classname="backend.tests.test_operations_routes" name="test_sr_approve_happy_path" time="0.233" /><testcase classname="backend.tests.test_operations_routes" name="test_sr_approve_409_when_already_decided" time="0.381" /><testcase classname="backend.tests.test_operations_routes" name="test_sr_approve_403_for_groom" time="0.240" /><testcase classname="backend.tests.test_operations_routes" name="test_sr_decline_with_reason_and_409_guard" time="0.369" /><testcase classname="backend.tests.test_operations_routes" name="test_sr_decline_403_for_groom" time="0.214" /><testcase classname="backend.tests.test_operations_routes" name="test_sr_decline_404_unknown" time="0.129" /><testcase classname="backend.tests.test_operations_routes" name="test_sr_list" time="0.126" /><testcase classname="backend.tests.test_operations_routes" name="test_incidents_create_and_list" time="0.227" /><testcase classname="backend.tests.test_onboarding" name="test_get_steps" time="0.455" /><testcase classname="backend.tests.test_onboarding" name="test_progress_get_creates" time="0.128" /><testcase classname="backend.tests.test_onboarding" name="test_progress_patch_updates_and_percent" time="0.150" /><testcase classname="backend.tests.test_onboarding" name="test_progress_complete" time="0.224" /><testcase classname="backend.tests.test_onboarding" name="test_barn_round_trip" time="0.207" /><testcase classname="backend.tests.test_onboarding" name="test_locations_crud" time="0.454" /><testcase classname="backend.tests.test_onboarding" name="test_feed_templates_crud" time="0.373" /><testcase classname="backend.tests.test_onboarding" name="test_inventory_low_stock" time="0.684" /><testcase classname="backend.tests.test_onboarding" name="test_recurring_schedules_crud" time="0.353" /><testcase classname="backend.tests.test_onboarding" name="test_staff_invites_valid_role" time="0.338" /><testcase classname="backend.tests.test_onboarding" name="test_staff_invites_invalid_role" time="0.114" /><testcase classname="backend.tests.test_onboarding" name="test_csv_template_horses" time="0.099" /><testcase classname="backend.tests.test_onboarding" name="test_csv_template_owners" time="0.133" /><testcase classname="backend.tests.test_onboarding" name="test_csv_preview_and_commit_horses" time="6.883" /><testcase classname="backend.tests.test_onboarding" name="test_csv_preview_and_commit_owners" time="6.844" /></testsuite></testsuites>