<?xml version="1.0" encoding="utf-8"?><testsuites name="pytest tests"><testsuite name="pytest" errors="0" failures="0" skipped="1" tests="20" time="4.676" timestamp="2026-05-20T19:53:31.774991+00:00" hostname="agent-env-f8122154-3b76-496f-a470-4a84ccdc6eba"><testcase classname="backend.tests.test_equinesync" name="test_auth_me" time="0.665" /><testcase classname="backend.tests.test_equinesync" name="test_auth_invalid" time="0.352" /><testcase classname="backend.tests.test_equinesync" name="test_dashboard_summary" time="0.170" /><testcase classname="backend.tests.test_equinesync" name="test_dashboard_barn_board" time="0.168" /><testcase classname="backend.tests.test_equinesync" name="test_horses_list_and_detail" time="0.292" /><testcase classname="backend.tests.test_equinesync" name="test_seeded_lists[medications]" time="0.142" /><testcase classname="backend.tests.test_equinesync" name="test_seeded_lists[vet-records]" time="0.168" /><testcase classname="backend.tests.test_equinesync" name="test_seeded_lists[injuries]" time="0.146" /><testcase classname="backend.tests.test_equinesync" name="test_seeded_lists[wellness]" time="0.130" /><testcase classname="backend.tests.test_equinesync" name="test_seeded_lists[lessons]" time="0.122" /><testcase classname="backend.tests.test_equinesync" name="test_seeded_lists[training]" time="0.130" /><testcase classname="backend.tests.test_equinesync" name="test_seeded_lists[invoices]" time="0.145" /><testcase classname="backend.tests.test_equinesync" name="test_seeded_lists[messages]" time="0.125" /><testcase classname="backend.tests.test_equinesync" name="test_seeded_lists[owners]" time="0.143" /><testcase classname="backend.tests.test_equinesync" name="test_seeded_lists[riders]" time="0.122" /><testcase classname="backend.tests.test_equinesync" name="test_feed_complete" time="0.133"><skipped type="pytest.skip" message="Legacy feed_tasks fully completed; covered by engine tests">/app/backend/tests/test_equinesync.py:95: Legacy feed_tasks fully completed; covered by engine tests</skipped></testcase><testcase classname="backend.tests.test_equinesync" name="test_invoice_pay" time="0.703" /><testcase classname="backend.tests.test_equinesync" name="test_service_request_flow" time="0.436" /><testcase classname="backend.tests.test_equinesync" name="test_message_create" time="0.138" /><testcase classname="backend.tests.test_equinesync" name="test_ai_generate_endpoint_is_gone" time="0.158" /></testsuite></testsuites>