<?xml version="1.0" encoding="utf-8"?><testsuites name="pytest tests"><testsuite name="pytest" errors="0" failures="0" skipped="0" tests="32" time="3.145" timestamp="2026-05-20T12:49:08.663116+00:00" hostname="agent-env-f8122154-3b76-496f-a470-4a84ccdc6eba"><testcase classname="tests.test_wellness_pulse" name="test_empty_events_stays_quiet" time="0.000" /><testcase classname="tests.test_wellness_pulse" name="test_low_sample_stays_quiet" time="0.000" /><testcase classname="tests.test_wellness_pulse" name="test_med_consistency_when_zero_skips" time="0.000" /><testcase classname="tests.test_wellness_pulse" name="test_med_skip_silences_the_pulse" time="0.000" /><testcase classname="tests.test_wellness_pulse" name="test_rehab_followthrough" time="0.000" /><testcase classname="tests.test_wellness_pulse" name="test_rehab_skip_silences" time="0.000" /><testcase classname="tests.test_wellness_pulse" name="test_turnout_steadiness_combined" time="0.000" /><testcase classname="tests.test_wellness_pulse" name="test_turnout_skip_silences" time="0.000" /><testcase classname="tests.test_wellness_pulse" name="test_priority_is_med_over_rehab_over_turnout" time="0.000" /><testcase classname="tests.test_wellness_pulse" name="test_no_medical_or_predictive_language" time="0.000" /><testcase classname="tests.test_wellness_pulse" name="test_irrelevant_categories_ignored" time="0.000" /><testcase classname="tests.test_owner_trust" name="test_vet_phrase_with_name" time="0.000" /><testcase classname="tests.test_owner_trust" name="test_medication_phrase_completed_all" time="0.000" /><testcase classname="tests.test_owner_trust" name="test_medication_phrase_refused_softens" time="0.000" /><testcase classname="tests.test_owner_trust" name="test_upcoming_phrase_vet_uses_date" time="0.000" /><testcase classname="tests.test_owner_trust" name="test_compose_returns_none_when_no_meaningful_updates" time="0.000" /><testcase classname="tests.test_owner_trust" name="test_digest_preview_endpoint_returns_payload_or_empty" time="0.510" /><testcase classname="tests.test_owner_trust" name="test_digest_admin_run_now" time="0.444" /><testcase classname="tests.test_owner_trust" name="test_service_request_decline" time="0.322" /><testcase classname="tests.test_owner_trust" name="test_prefs_include_digest_toggle" time="0.338" /><testcase classname="tests.test_weekly_recap" name="test_weekly_compose_returns_none_when_empty" time="0.000" /><testcase classname="tests.test_weekly_recap" name="test_weekly_compose_completed_all_meds" time="0.000" /><testcase classname="tests.test_weekly_recap" name="test_weekly_compose_skipped_meds_framed_softly" time="0.000" /><testcase classname="tests.test_weekly_recap" name="test_weekly_compose_farrier_with_name" time="0.000" /><testcase classname="tests.test_weekly_recap" name="test_weekly_compose_caps_at_three_lines" time="0.000" /><testcase classname="tests.test_weekly_recap" name="test_iso_week_key_format" time="0.000" /><testcase classname="tests.test_weekly_recap" name="test_render_weekly_html_contains_calm_eyebrow_and_section" time="0.000" /><testcase classname="tests.test_weekly_recap" name="test_render_weekly_text_is_scannable" time="0.000" /><testcase classname="tests.test_weekly_recap" name="test_weekly_preview_endpoint_returns_payload_or_empty" time="0.436" /><testcase classname="tests.test_weekly_recap" name="test_weekly_send_me_owner_ok" time="0.104" /><testcase classname="tests.test_weekly_recap" name="test_weekly_send_me_non_owner_forbidden" time="0.477" /><testcase classname="tests.test_weekly_recap" name="test_weekly_admin_run_now" time="0.435" /></testsuite></testsuites>