<?xml version="1.0" encoding="utf-8"?><testsuites name="pytest tests"><testsuite name="pytest" errors="0" failures="0" skipped="0" tests="15" time="7.214" timestamp="2026-05-18T19:23:40.860363+00:00" hostname="agent-env-f8122154-3b76-496f-a470-4a84ccdc6eba"><testcase classname="backend.tests.test_onboarding" name="test_get_steps" time="0.674" /><testcase classname="backend.tests.test_onboarding" name="test_progress_get_creates" time="0.140" /><testcase classname="backend.tests.test_onboarding" name="test_progress_patch_updates_and_percent" time="0.167" /><testcase classname="backend.tests.test_onboarding" name="test_progress_complete" time="0.255" /><testcase classname="backend.tests.test_onboarding" name="test_barn_round_trip" time="0.277" /><testcase classname="backend.tests.test_onboarding" name="test_locations_crud" time="0.916" /><testcase classname="backend.tests.test_onboarding" name="test_feed_templates_crud" time="0.876" /><testcase classname="backend.tests.test_onboarding" name="test_inventory_low_stock" time="0.820" /><testcase classname="backend.tests.test_onboarding" name="test_recurring_schedules_crud" time="0.443" /><testcase classname="backend.tests.test_onboarding" name="test_staff_invites_valid_role" time="0.416" /><testcase classname="backend.tests.test_onboarding" name="test_staff_invites_invalid_role" time="0.146" /><testcase classname="backend.tests.test_onboarding" name="test_csv_template_horses" time="0.127" /><testcase classname="backend.tests.test_onboarding" name="test_csv_template_owners" time="0.135" /><testcase classname="backend.tests.test_onboarding" name="test_csv_preview_and_commit_horses" time="0.863" /><testcase classname="backend.tests.test_onboarding" name="test_csv_preview_and_commit_owners" time="0.892" /></testsuite></testsuites>