<?xml version="1.0" encoding="utf-8"?><testsuites name="pytest tests"><testsuite name="pytest" errors="0" failures="0" skipped="0" tests="20" time="9.666" timestamp="2026-05-19T13:49:41.738504+00:00" hostname="agent-env-f8122154-3b76-496f-a470-4a84ccdc6eba"><testcase classname="backend.tests.test_phase2.TestAuthShape" name="test_login_returns_full_shape" time="0.424" /><testcase classname="backend.tests.test_phase2.TestAuthShape" name="test_login_invalid" time="0.323" /><testcase classname="backend.tests.test_phase2.TestAuthShape" name="test_me_endpoint" time="0.462" /><testcase classname="backend.tests.test_phase2.TestRefreshRotation" name="test_rotate_and_revoke_old" time="0.654" /><testcase classname="backend.tests.test_phase2.TestRefreshRotation" name="test_logout_revokes_refresh" time="0.591" /><testcase classname="backend.tests.test_phase2.TestSecurityHeaders" name="test_headers_present" time="0.120" /><testcase classname="backend.tests.test_phase2.TestCuratedTimeline" name="test_owner_view_filters_categories" time="0.363" /><testcase classname="backend.tests.test_phase2.TestCuratedTimeline" name="test_owner_role_always_curated" time="0.572" /><testcase classname="backend.tests.test_phase2.TestTasksEndpoints" name="test_tasks_today" time="0.160" /><testcase classname="backend.tests.test_phase2.TestTasksEndpoints" name="test_tasks_by_category_feed" time="0.101" /><testcase classname="backend.tests.test_phase2.TestTasksEndpoints" name="test_tasks_by_category_medication" time="0.110" /><testcase classname="backend.tests.test_phase2.TestTasksEndpoints" name="test_active_medication_templates" time="0.120" /><testcase classname="backend.tests.test_phase2.TestCompletionFlow" name="test_complete_appears_on_timeline" time="0.513" /><testcase classname="backend.tests.test_phase2.TestNotifications" name="test_list_notifications" time="0.108" /><testcase classname="backend.tests.test_phase2.TestNotifications" name="test_get_prefs_default" time="0.124" /><testcase classname="backend.tests.test_phase2.TestNotifications" name="test_put_prefs" time="0.215" /><testcase classname="backend.tests.test_phase2.TestNotifications" name="test_drain_admin_only" time="0.232" /><testcase classname="backend.tests.test_phase2.TestNotifications" name="test_read_all" time="0.246" /><testcase classname="backend.tests.test_phase2.TestNotificationFanout" name="test_groom_completes_admin_receives" time="2.134" /><testcase classname="backend.tests.test_phase2.TestNotificationFanout" name="test_owner_only_curated_notifications" time="1.997" /></testsuite></testsuites>