<?xml version="1.0" encoding="utf-8"?><testsuites name="pytest tests"><testsuite name="pytest" errors="0" failures="2" skipped="0" tests="6" time="3.276" timestamp="2026-05-20T10:40:00.656181+00:00" hostname="agent-env-f8122154-3b76-496f-a470-4a84ccdc6eba"><testcase classname="tests.test_owner_trust_edges" name="test_digest_send_me_owner_ok" time="1.441" /><testcase classname="tests.test_owner_trust_edges" name="test_digest_send_me_non_owner_forbidden" time="0.347" /><testcase classname="tests.test_owner_trust_edges" name="test_groom_cannot_decline" time="0.336"><failure message="AssertionError: {&quot;horse_id&quot;:&quot;023be6c4-502f-4208-bfad-65ec79c01e61&quot;,&quot;type&quot;:&quot;grooming&quot;,&quot;details&quot;:&quot;Edge test&quot;,&quot;requested_date&quot;:null,&quot;id&quot;:&quot;16b5581d-afc8-44c7-964d-7d5735ee0ff1&quot;,&quot;requested_by&quot;:&quot;d44dd810-4be7-44ca-88a6-7522ba379fcb&quot;,&quot;requester_name&quot;:&quot;Charlotte Vance&quot;,&quot;status&quot;:&quot;declined&quot;,&quot;created_at&quot;:&quot;2026-05-20T10:40:02.713133+00:00&quot;,&quot;decline_reason&quot;:&quot;nope&quot;,&quot;declined_at&quot;:&quot;2026-05-20T10:40:02.820486+00:00&quot;,&quot;declined_by_user_id&quot;:&quot;80dce07b-2429-49a7-a644-6937a4a350bf&quot;}&#10;assert 200 in (401, 403)&#10; +  where 200 = &lt;Response [200]&gt;.status_code">tests/test_owner_trust_edges.py:58: in test_groom_cannot_decline
    assert r.status_code in (401, 403), r.text
E   AssertionError: {"horse_id":"023be6c4-502f-4208-bfad-65ec79c01e61","type":"grooming","details":"Edge test","requested_date":null,"id":"16b5581d-afc8-44c7-964d-7d5735ee0ff1","requested_by":"d44dd810-4be7-44ca-88a6-7522ba379fcb","requester_name":"Charlotte Vance","status":"declined","created_at":"2026-05-20T10:40:02.713133+00:00","decline_reason":"nope","declined_at":"2026-05-20T10:40:02.820486+00:00","declined_by_user_id":"80dce07b-2429-49a7-a644-6937a4a350bf"}
E   assert 200 in (401, 403)
E    +  where 200 = &lt;Response [200]&gt;.status_code</failure></testcase><testcase classname="tests.test_owner_trust_edges" name="test_trainer_can_decline_with_optional_reason_empty" time="0.345" /><testcase classname="tests.test_owner_trust_edges" name="test_owner_cannot_decline" time="0.324"><failure message="AssertionError: {&quot;horse_id&quot;:&quot;023be6c4-502f-4208-bfad-65ec79c01e61&quot;,&quot;type&quot;:&quot;grooming&quot;,&quot;details&quot;:&quot;Edge test&quot;,&quot;requested_date&quot;:null,&quot;id&quot;:&quot;1872a950-7aea-40a8-b0f9-fc46b8642a02&quot;,&quot;requested_by&quot;:&quot;d44dd810-4be7-44ca-88a6-7522ba379fcb&quot;,&quot;requester_name&quot;:&quot;Charlotte Vance&quot;,&quot;status&quot;:&quot;declined&quot;,&quot;created_at&quot;:&quot;2026-05-20T10:40:03.388468+00:00&quot;,&quot;decline_reason&quot;:&quot;self-decline&quot;,&quot;declined_at&quot;:&quot;2026-05-20T10:40:03.506755+00:00&quot;,&quot;declined_by_user_id&quot;:&quot;d44dd810-4be7-44ca-88a6-7522ba379fcb&quot;}&#10;assert 200 in (401, 403)&#10; +  where 200 = &lt;Response [200]&gt;.status_code">tests/test_owner_trust_edges.py:74: in test_owner_cannot_decline
    assert r.status_code in (401, 403), r.text
E   AssertionError: {"horse_id":"023be6c4-502f-4208-bfad-65ec79c01e61","type":"grooming","details":"Edge test","requested_date":null,"id":"1872a950-7aea-40a8-b0f9-fc46b8642a02","requested_by":"d44dd810-4be7-44ca-88a6-7522ba379fcb","requester_name":"Charlotte Vance","status":"declined","created_at":"2026-05-20T10:40:03.388468+00:00","decline_reason":"self-decline","declined_at":"2026-05-20T10:40:03.506755+00:00","declined_by_user_id":"d44dd810-4be7-44ca-88a6-7522ba379fcb"}
E   assert 200 in (401, 403)
E    +  where 200 = &lt;Response [200]&gt;.status_code</failure></testcase><testcase classname="tests.test_owner_trust_edges" name="test_decline_idempotency_or_state_guard" time="0.405" /></testsuite></testsuites>