<?xml version="1.0" encoding="utf-8"?><testsuites name="pytest tests"><testsuite name="pytest" errors="0" failures="0" skipped="1" tests="100" time="42.149" timestamp="2026-05-19T21:43:41.331640+00:00" hostname="agent-env-f8122154-3b76-496f-a470-4a84ccdc6eba"><testcase classname="backend.tests.test_equinesync" name="test_auth_me" time="0.530" /><testcase classname="backend.tests.test_equinesync" name="test_auth_invalid" time="0.348" /><testcase classname="backend.tests.test_equinesync" name="test_dashboard_summary" time="0.124" /><testcase classname="backend.tests.test_equinesync" name="test_dashboard_barn_board" time="0.120" /><testcase classname="backend.tests.test_equinesync" name="test_horses_list_and_detail" time="0.289" /><testcase classname="backend.tests.test_equinesync" name="test_seeded_lists[medications]" time="0.109" /><testcase classname="backend.tests.test_equinesync" name="test_seeded_lists[vet-records]" time="0.109" /><testcase classname="backend.tests.test_equinesync" name="test_seeded_lists[injuries]" time="0.127" /><testcase classname="backend.tests.test_equinesync" name="test_seeded_lists[wellness]" time="0.103" /><testcase classname="backend.tests.test_equinesync" name="test_seeded_lists[lessons]" time="0.120" /><testcase classname="backend.tests.test_equinesync" name="test_seeded_lists[training]" time="0.116" /><testcase classname="backend.tests.test_equinesync" name="test_seeded_lists[invoices]" time="0.106" /><testcase classname="backend.tests.test_equinesync" name="test_seeded_lists[messages]" time="0.115" /><testcase classname="backend.tests.test_equinesync" name="test_seeded_lists[owners]" time="0.105" /><testcase classname="backend.tests.test_equinesync" name="test_seeded_lists[riders]" time="0.119" /><testcase classname="backend.tests.test_equinesync" name="test_feed_complete" time="0.118"><skipped type="pytest.skip" message="Legacy feed_tasks fully completed; covered by engine tests">/app/backend/tests/test_equinesync.py:92: Legacy feed_tasks fully completed; covered by engine tests</skipped></testcase><testcase classname="backend.tests.test_equinesync" name="test_invoice_pay" time="0.595" /><testcase classname="backend.tests.test_equinesync" name="test_service_request_flow" time="0.322" /><testcase classname="backend.tests.test_equinesync" name="test_message_create" time="0.102" /><testcase classname="backend.tests.test_equinesync" name="test_ai_generate_owner_update" time="7.180" /><testcase classname="backend.tests.test_invites_and_analytics.TestInvitesCreate" name="test_create_invite_returns_dev_url" time="0.805" /><testcase classname="backend.tests.test_invites_and_analytics.TestInvitesCreate" name="test_create_invite_forbidden_for_groom" time="0.446" /><testcase classname="backend.tests.test_invites_and_analytics.TestInvitesCreate" name="test_create_invite_409_on_duplicate" time="0.512" /><testcase classname="backend.tests.test_invites_and_analytics.TestInvitesCreate" name="test_create_invite_409_existing_user" time="0.112" /><testcase classname="backend.tests.test_invites_and_analytics.TestInvitesList" name="test_list_invites_no_token_hash" time="0.120" /><testcase classname="backend.tests.test_invites_and_analytics.TestInvitesResendRevokeVerifyAccept" name="test_resend_returns_new_dev_url" time="0.582" /><testcase classname="backend.tests.test_invites_and_analytics.TestInvitesResendRevokeVerifyAccept" name="test_verify_invalid_token_404" time="0.099" /><testcase classname="backend.tests.test_invites_and_analytics.TestInvitesResendRevokeVerifyAccept" name="test_verify_valid_token" time="0.122" /><testcase classname="backend.tests.test_invites_and_analytics.TestInvitesResendRevokeVerifyAccept" name="test_accept_creates_user_with_auto_launch" time="0.570" /><testcase classname="backend.tests.test_invites_and_analytics.TestInvitesResendRevokeVerifyAccept" name="test_revoke_marks_revoked" time="0.517" /><testcase classname="backend.tests.test_invites_and_analytics.TestAcceptNonSetupRole" name="test_accept_groom_role_no_auto_launch" time="0.672" /><testcase classname="backend.tests.test_invites_and_analytics.TestOnboardingReset" name="test_reset_reopens" time="0.349" /><testcase classname="backend.tests.test_invites_and_analytics.TestProgressDeepMerge" name="test_deep_merge_preserves_sibling_keys" time="0.240" /><testcase classname="backend.tests.test_invites_and_analytics.TestEvents" name="test_record_event" time="0.110" /><testcase classname="backend.tests.test_invites_and_analytics.TestEvents" name="test_funnel_admin" time="0.206" /><testcase classname="backend.tests.test_invites_and_analytics.TestEvents" name="test_funnel_forbidden_for_groom" time="0.112" /><testcase classname="backend.tests.test_invites_and_analytics.TestTenantReset" name="test_requires_confirm" time="0.128" /><testcase classname="backend.tests.test_invites_and_analytics.TestTenantReset" name="test_groom_forbidden" time="0.103" /><testcase classname="backend.tests.test_invites_and_analytics.TestTenantReset" name="test_unknown_scope" time="0.118" /><testcase classname="backend.tests.test_invites_and_analytics.TestTenantReset" name="test_onboarding_scope" time="0.106" /><testcase classname="backend.tests.test_onboarding" name="test_get_steps" time="0.430" /><testcase classname="backend.tests.test_onboarding" name="test_progress_get_creates" time="0.109" /><testcase classname="backend.tests.test_onboarding" name="test_progress_patch_updates_and_percent" time="0.108" /><testcase classname="backend.tests.test_onboarding" name="test_progress_complete" time="0.211" /><testcase classname="backend.tests.test_onboarding" name="test_barn_round_trip" time="0.234" /><testcase classname="backend.tests.test_onboarding" name="test_locations_crud" time="0.412" /><testcase classname="backend.tests.test_onboarding" name="test_feed_templates_crud" time="0.316" /><testcase classname="backend.tests.test_onboarding" name="test_inventory_low_stock" time="0.697" /><testcase classname="backend.tests.test_onboarding" name="test_recurring_schedules_crud" time="0.367" /><testcase classname="backend.tests.test_onboarding" name="test_staff_invites_valid_role" time="0.343" /><testcase classname="backend.tests.test_onboarding" name="test_staff_invites_invalid_role" time="0.115" /><testcase classname="backend.tests.test_onboarding" name="test_csv_template_horses" time="0.142" /><testcase classname="backend.tests.test_onboarding" name="test_csv_template_owners" time="0.102" /><testcase classname="backend.tests.test_onboarding" name="test_csv_preview_and_commit_horses" time="1.627" /><testcase classname="backend.tests.test_onboarding" name="test_csv_preview_and_commit_owners" time="1.724" /><testcase classname="backend.tests.test_phase2.TestAuthShape" name="test_login_returns_full_shape" time="0.329" /><testcase classname="backend.tests.test_phase2.TestAuthShape" name="test_login_invalid" time="0.349" /><testcase classname="backend.tests.test_phase2.TestAuthShape" name="test_me_endpoint" time="0.433" /><testcase classname="backend.tests.test_phase2.TestRefreshRotation" name="test_rotate_and_revoke_old" time="0.672" /><testcase classname="backend.tests.test_phase2.TestRefreshRotation" name="test_logout_revokes_refresh" time="0.575" /><testcase classname="backend.tests.test_phase2.TestSecurityHeaders" name="test_headers_present" time="0.109" /><testcase classname="backend.tests.test_phase2.TestCuratedTimeline" name="test_owner_view_filters_categories" time="0.256" /><testcase classname="backend.tests.test_phase2.TestCuratedTimeline" name="test_owner_role_always_curated" time="0.561" /><testcase classname="backend.tests.test_phase2.TestTasksEndpoints" name="test_tasks_today" time="0.127" /><testcase classname="backend.tests.test_phase2.TestTasksEndpoints" name="test_tasks_by_category_feed" time="0.103" /><testcase classname="backend.tests.test_phase2.TestTasksEndpoints" name="test_tasks_by_category_medication" time="0.101" /><testcase classname="backend.tests.test_phase2.TestTasksEndpoints" name="test_active_medication_templates" time="0.108" /><testcase classname="backend.tests.test_phase2.TestCompletionFlow" name="test_complete_appears_on_timeline" time="0.452" /><testcase classname="backend.tests.test_phase2.TestNotifications" name="test_list_notifications" time="0.107" /><testcase classname="backend.tests.test_phase2.TestNotifications" name="test_get_prefs_default" time="0.137" /><testcase classname="backend.tests.test_phase2.TestNotifications" name="test_put_prefs" time="0.213" /><testcase classname="backend.tests.test_phase2.TestNotifications" name="test_drain_admin_only" time="0.221" /><testcase classname="backend.tests.test_phase2.TestNotifications" name="test_read_all" time="0.210" /><testcase classname="backend.tests.test_phase2.TestNotificationFanout" name="test_groom_completes_admin_receives" time="2.154" /><testcase classname="backend.tests.test_phase2.TestNotificationFanout" name="test_owner_only_curated_notifications" time="2.015" /><testcase classname="backend.tests.test_reports_and_nudges.TestSetupHealth" name="test_setup_health_shape" time="0.480" /><testcase classname="backend.tests.test_reports_and_nudges.TestSetupHealth" name="test_setup_health_groom_forbidden" time="0.453" /><testcase classname="backend.tests.test_reports_and_nudges.TestSetupHealth" name="test_setup_health_no_auth" time="0.102" /><testcase classname="backend.tests.test_reports_and_nudges.TestNudgeCandidates" name="test_candidates_default_shape" time="0.113" /><testcase classname="backend.tests.test_reports_and_nudges.TestNudgeCandidates" name="test_candidates_min_days_zero_returns_all_stalled" time="0.126" /><testcase classname="backend.tests.test_reports_and_nudges.TestNudgeCandidates" name="test_candidates_groom_forbidden" time="0.105" /><testcase classname="backend.tests.test_reports_and_nudges.TestSendNudges" name="test_send_nudges_no_candidates" time="0.105" /><testcase classname="backend.tests.test_reports_and_nudges.TestSendNudges" name="test_send_nudges_groom_forbidden" time="0.122" /><testcase classname="backend.tests.test_reports_and_nudges.TestSendNudges" name="test_send_nudges_with_seeded_candidate_and_cooldown" time="0.918" /><testcase classname="backend.tests.test_reports_and_nudges.TestSendNudges" name="test_send_nudges_records_analytics" time="0.604" /><testcase classname="backend.tests.test_reports_and_nudges.TestInviteSandboxStatus" name="test_invite_to_owner_returns_sent" time="0.346" /><testcase classname="backend.tests.test_reports_and_nudges.TestInviteSandboxStatus" name="test_invite_to_non_owner_returns_sandbox_with_dev_link" time="0.279" /><testcase classname="backend.tests.test_task_engine" name="test_templates_listed" time="0.440" /><testcase classname="backend.tests.test_task_engine" name="test_today_returns_groups" time="0.137" /><testcase classname="backend.tests.test_task_engine" name="test_complete_idempotent" time="0.440" /><testcase classname="backend.tests.test_task_engine" name="test_concurrent_completion_appends_note" time="0.447" /><testcase classname="backend.tests.test_task_engine" name="test_bulk_complete" time="0.794" /><testcase classname="backend.tests.test_task_engine" name="test_skip_and_refuse" time="0.630" /><testcase classname="backend.tests.test_task_engine" name="test_void_completion" time="0.425" /><testcase classname="backend.tests.test_task_engine" name="test_horse_timeline" time="0.231" /><testcase classname="backend.tests.test_task_engine" name="test_owner_timeline_visibility" time="0.549" /><testcase classname="backend.tests.test_task_engine" name="test_template_crud_lifecycle" time="0.340" /><testcase classname="backend.tests.test_task_engine" name="test_analytics_summary" time="0.172" /><testcase classname="backend.tests.test_task_engine" name="test_invalid_rrule_rejected" time="0.099" /><testcase classname="backend.tests.test_task_engine" name="test_skip_idempotent" time="0.434" /></testsuite></testsuites>