<?xml version="1.0" encoding="utf-8"?><testsuites name="pytest tests"><testsuite name="pytest" errors="0" failures="0" skipped="0" tests="9" time="1.735" timestamp="2026-05-20T10:39:35.575782+00:00" hostname="agent-env-f8122154-3b76-496f-a470-4a84ccdc6eba"><testcase classname="tests.test_owner_trust" name="test_vet_phrase_with_name" time="0.001" /><testcase classname="tests.test_owner_trust" name="test_medication_phrase_completed_all" time="0.000" /><testcase classname="tests.test_owner_trust" name="test_medication_phrase_refused_softens" time="0.000" /><testcase classname="tests.test_owner_trust" name="test_upcoming_phrase_vet_uses_date" time="0.000" /><testcase classname="tests.test_owner_trust" name="test_compose_returns_none_when_no_meaningful_updates" time="0.000" /><testcase classname="tests.test_owner_trust" name="test_digest_preview_endpoint_returns_payload_or_empty" time="0.553" /><testcase classname="tests.test_owner_trust" name="test_digest_admin_run_now" time="0.459" /><testcase classname="tests.test_owner_trust" name="test_service_request_decline" time="0.308" /><testcase classname="tests.test_owner_trust" name="test_prefs_include_digest_toggle" time="0.348" /></testsuite></testsuites>