<?xml version="1.0" encoding="utf-8"?><testsuites name="pytest tests"><testsuite name="pytest" errors="0" failures="0" skipped="0" tests="20" time="10.426" timestamp="2026-05-17T05:43:48.261386+00:00" hostname="agent-env-f8122154-3b76-496f-a470-4a84ccdc6eba"><testcase classname="backend.tests.test_equinesync" name="test_auth_me" time="0.779" /><testcase classname="backend.tests.test_equinesync" name="test_auth_invalid" time="0.337" /><testcase classname="backend.tests.test_equinesync" name="test_dashboard_summary" time="0.156" /><testcase classname="backend.tests.test_equinesync" name="test_dashboard_barn_board" time="0.150" /><testcase classname="backend.tests.test_equinesync" name="test_horses_list_and_detail" time="0.287" /><testcase classname="backend.tests.test_equinesync" name="test_seeded_lists[medications]" time="0.142" /><testcase classname="backend.tests.test_equinesync" name="test_seeded_lists[vet-records]" time="0.105" /><testcase classname="backend.tests.test_equinesync" name="test_seeded_lists[injuries]" time="0.133" /><testcase classname="backend.tests.test_equinesync" name="test_seeded_lists[wellness]" time="0.096" /><testcase classname="backend.tests.test_equinesync" name="test_seeded_lists[lessons]" time="0.104" /><testcase classname="backend.tests.test_equinesync" name="test_seeded_lists[training]" time="0.097" /><testcase classname="backend.tests.test_equinesync" name="test_seeded_lists[invoices]" time="0.130" /><testcase classname="backend.tests.test_equinesync" name="test_seeded_lists[messages]" time="0.103" /><testcase classname="backend.tests.test_equinesync" name="test_seeded_lists[owners]" time="0.100" /><testcase classname="backend.tests.test_equinesync" name="test_seeded_lists[riders]" time="0.099" /><testcase classname="backend.tests.test_equinesync" name="test_feed_complete" time="0.211" /><testcase classname="backend.tests.test_equinesync" name="test_invoice_pay" time="0.194" /><testcase classname="backend.tests.test_equinesync" name="test_service_request_flow" time="0.314" /><testcase classname="backend.tests.test_equinesync" name="test_message_create" time="0.099" /><testcase classname="backend.tests.test_equinesync" name="test_ai_generate_owner_update" time="6.692" /></testsuite></testsuites>