<?xml version="1.0" encoding="utf-8"?><testsuites name="pytest tests"><testsuite name="pytest" errors="0" failures="1" skipped="0" tests="35" time="20.652" timestamp="2026-05-18T19:23:56.538276+00:00" hostname="agent-env-f8122154-3b76-496f-a470-4a84ccdc6eba"><testcase classname="backend.tests.test_equinesync" name="test_auth_me" time="0.492" /><testcase classname="backend.tests.test_equinesync" name="test_auth_invalid" time="0.363" /><testcase classname="backend.tests.test_equinesync" name="test_dashboard_summary" time="0.169" /><testcase classname="backend.tests.test_equinesync" name="test_dashboard_barn_board" time="0.131" /><testcase classname="backend.tests.test_equinesync" name="test_horses_list_and_detail" time="0.266" /><testcase classname="backend.tests.test_equinesync" name="test_seeded_lists[medications]" time="0.138" /><testcase classname="backend.tests.test_equinesync" name="test_seeded_lists[vet-records]" time="0.129" /><testcase classname="backend.tests.test_equinesync" name="test_seeded_lists[injuries]" time="0.120" /><testcase classname="backend.tests.test_equinesync" name="test_seeded_lists[wellness]" time="0.134" /><testcase classname="backend.tests.test_equinesync" name="test_seeded_lists[lessons]" time="0.128" /><testcase classname="backend.tests.test_equinesync" name="test_seeded_lists[training]" time="0.126" /><testcase classname="backend.tests.test_equinesync" name="test_seeded_lists[invoices]" time="0.134" /><testcase classname="backend.tests.test_equinesync" name="test_seeded_lists[messages]" time="0.209" /><testcase classname="backend.tests.test_equinesync" name="test_seeded_lists[owners]" time="0.151" /><testcase classname="backend.tests.test_equinesync" name="test_seeded_lists[riders]" time="0.149" /><testcase classname="backend.tests.test_equinesync" name="test_feed_complete" time="0.155"><failure message="AssertionError: No incomplete feed tasks&#10;assert []">backend/tests/test_equinesync.py:88: in test_feed_complete
    assert pending, "No incomplete feed tasks"
E   AssertionError: No incomplete feed tasks
E   assert []</failure></testcase><testcase classname="backend.tests.test_equinesync" name="test_invoice_pay" time="0.263" /><testcase classname="backend.tests.test_equinesync" name="test_service_request_flow" time="0.435" /><testcase classname="backend.tests.test_equinesync" name="test_message_create" time="0.128" /><testcase classname="backend.tests.test_equinesync" name="test_ai_generate_owner_update" time="8.655" /><testcase classname="backend.tests.test_onboarding" name="test_get_steps" time="0.524" /><testcase classname="backend.tests.test_onboarding" name="test_progress_get_creates" time="0.140" /><testcase classname="backend.tests.test_onboarding" name="test_progress_patch_updates_and_percent" time="0.134" /><testcase classname="backend.tests.test_onboarding" name="test_progress_complete" time="0.267" /><testcase classname="backend.tests.test_onboarding" name="test_barn_round_trip" time="0.256" /><testcase classname="backend.tests.test_onboarding" name="test_locations_crud" time="0.560" /><testcase classname="backend.tests.test_onboarding" name="test_feed_templates_crud" time="0.390" /><testcase classname="backend.tests.test_onboarding" name="test_inventory_low_stock" time="0.953" /><testcase classname="backend.tests.test_onboarding" name="test_recurring_schedules_crud" time="0.399" /><testcase classname="backend.tests.test_onboarding" name="test_staff_invites_valid_role" time="0.436" /><testcase classname="backend.tests.test_onboarding" name="test_staff_invites_invalid_role" time="0.139" /><testcase classname="backend.tests.test_onboarding" name="test_csv_template_horses" time="1.497" /><testcase classname="backend.tests.test_onboarding" name="test_csv_template_owners" time="0.150" /><testcase classname="backend.tests.test_onboarding" name="test_csv_preview_and_commit_horses" time="0.982" /><testcase classname="backend.tests.test_onboarding" name="test_csv_preview_and_commit_owners" time="1.232" /></testsuite></testsuites>