<?xml version="1.0" encoding="utf-8"?><testsuites name="pytest tests"><testsuite name="pytest" errors="0" failures="0" skipped="1" tests="12" time="3.934" timestamp="2026-05-19T05:11:19.913613+00:00" hostname="agent-env-f8122154-3b76-496f-a470-4a84ccdc6eba"><testcase classname="backend.tests.test_reports_and_nudges.TestSetupHealth" name="test_setup_health_shape" time="0.559" /><testcase classname="backend.tests.test_reports_and_nudges.TestSetupHealth" name="test_setup_health_groom_forbidden" time="0.482" /><testcase classname="backend.tests.test_reports_and_nudges.TestSetupHealth" name="test_setup_health_no_auth" time="0.102" /><testcase classname="backend.tests.test_reports_and_nudges.TestNudgeCandidates" name="test_candidates_default_shape" time="0.117" /><testcase classname="backend.tests.test_reports_and_nudges.TestNudgeCandidates" name="test_candidates_min_days_zero_returns_all_stalled" time="0.116" /><testcase classname="backend.tests.test_reports_and_nudges.TestNudgeCandidates" name="test_candidates_groom_forbidden" time="0.115" /><testcase classname="backend.tests.test_reports_and_nudges.TestSendNudges" name="test_send_nudges_no_candidates" time="0.139" /><testcase classname="backend.tests.test_reports_and_nudges.TestSendNudges" name="test_send_nudges_groom_forbidden" time="0.109" /><testcase classname="backend.tests.test_reports_and_nudges.TestSendNudges" name="test_send_nudges_with_seeded_candidate_and_cooldown" time="1.038" /><testcase classname="backend.tests.test_reports_and_nudges.TestSendNudges" name="test_send_nudges_records_analytics" time="0.607" /><testcase classname="backend.tests.test_reports_and_nudges.TestInviteSandboxStatus" name="test_invite_to_owner_returns_sent" time="0.099"><skipped type="pytest.skip" message="owner already invited / exists: {&quot;detail&quot;:&quot;An invite for this email is already pending — resend or revoke it first&quot;}">/app/backend/tests/test_reports_and_nudges.py:219: owner already invited / exists: {"detail":"An invite for this email is already pending — resend or revoke it first"}</skipped></testcase><testcase classname="backend.tests.test_reports_and_nudges.TestInviteSandboxStatus" name="test_invite_to_non_owner_returns_sandbox_with_dev_link" time="0.307" /></testsuite></testsuites>