<?xml version="1.0" encoding="utf-8"?><testsuites name="pytest tests"><testsuite name="pytest" errors="0" failures="0" skipped="0" tests="13" time="5.204" timestamp="2026-05-19T08:13:02.595145+00:00" hostname="agent-env-f8122154-3b76-496f-a470-4a84ccdc6eba"><testcase classname="backend.tests.test_task_engine" name="test_templates_listed" time="0.480" /><testcase classname="backend.tests.test_task_engine" name="test_today_returns_groups" time="0.110" /><testcase classname="backend.tests.test_task_engine" name="test_complete_idempotent" time="0.479" /><testcase classname="backend.tests.test_task_engine" name="test_concurrent_completion_appends_note" time="0.627" /><testcase classname="backend.tests.test_task_engine" name="test_bulk_complete" time="0.738" /><testcase classname="backend.tests.test_task_engine" name="test_skip_and_refuse" time="0.602" /><testcase classname="backend.tests.test_task_engine" name="test_void_completion" time="0.426" /><testcase classname="backend.tests.test_task_engine" name="test_horse_timeline" time="0.235" /><testcase classname="backend.tests.test_task_engine" name="test_owner_timeline_visibility" time="0.506" /><testcase classname="backend.tests.test_task_engine" name="test_template_crud_lifecycle" time="0.311" /><testcase classname="backend.tests.test_task_engine" name="test_analytics_summary" time="0.115" /><testcase classname="backend.tests.test_task_engine" name="test_invalid_rrule_rejected" time="0.100" /><testcase classname="backend.tests.test_task_engine" name="test_skip_idempotent" time="0.406" /></testsuite></testsuites>